[0.336s] Invoking command in '/home/wzh/Downloads/ros2_ws/src/hw1': CONDA_PROMPT_MODIFIER=(base) PYTHONPATH=/home/wzh/Downloads/ros2_ws/build/hw1/prefix_override:/usr/lib/python3/dist-packages/colcon_core/task/python/colcon_distutils_commands:/home/wzh/Downloads/ros2_ws/install/hw1/lib/python3.10/site-packages:${PYTHONPATH} /usr/bin/python3 -W ignore:setup.py install is deprecated -W ignore:easy_install command is deprecated setup.py egg_info --egg-base ../../build/hw1 build --build-base /home/wzh/Downloads/ros2_ws/build/hw1/build install --record /home/wzh/Downloads/ros2_ws/build/hw1/install.log --single-version-externally-managed install_data
[0.469s] running egg_info
[0.469s] writing ../../build/hw1/hw1.egg-info/PKG-INFO
[0.469s] writing dependency_links to ../../build/hw1/hw1.egg-info/dependency_links.txt
[0.469s] writing entry points to ../../build/hw1/hw1.egg-info/entry_points.txt
[0.469s] writing requirements to ../../build/hw1/hw1.egg-info/requires.txt
[0.469s] writing top-level names to ../../build/hw1/hw1.egg-info/top_level.txt
[0.470s] reading manifest file '../../build/hw1/hw1.egg-info/SOURCES.txt'
[0.470s] adding license file 'LICENSE'
[0.470s] writing manifest file '../../build/hw1/hw1.egg-info/SOURCES.txt'
[0.470s] running build
[0.470s] running build_py
[0.470s] copying hw1/SOARM101.py -> /home/wzh/Downloads/ros2_ws/build/hw1/build/lib/hw1
[0.470s] copying hw1/subscriber.py -> /home/wzh/Downloads/ros2_ws/build/hw1/build/lib/hw1
[0.470s] running install
[0.471s] running install_lib
[0.471s] copying /home/wzh/Downloads/ros2_ws/build/hw1/build/lib/hw1/SOARM101.py -> /home/wzh/Downloads/ros2_ws/install/hw1/lib/python3.10/site-packages/hw1
[0.471s] copying /home/wzh/Downloads/ros2_ws/build/hw1/build/lib/hw1/subscriber.py -> /home/wzh/Downloads/ros2_ws/install/hw1/lib/python3.10/site-packages/hw1
[0.471s] byte-compiling /home/wzh/Downloads/ros2_ws/install/hw1/lib/python3.10/site-packages/hw1/SOARM101.py to SOARM101.cpython-310.pyc
[0.472s] byte-compiling /home/wzh/Downloads/ros2_ws/install/hw1/lib/python3.10/site-packages/hw1/subscriber.py to subscriber.cpython-310.pyc
[0.472s] running install_data
[0.472s] running install_egg_info
[0.473s] removing '/home/wzh/Downloads/ros2_ws/install/hw1/lib/python3.10/site-packages/hw1-0.0.0-py3.10.egg-info' (and everything under it)
[0.473s] Copying ../../build/hw1/hw1.egg-info to /home/wzh/Downloads/ros2_ws/install/hw1/lib/python3.10/site-packages/hw1-0.0.0-py3.10.egg-info
[0.474s] running install_scripts
[0.484s] Installing publisher script to /home/wzh/Downloads/ros2_ws/install/hw1/lib/hw1
[0.484s] Installing subscriber script to /home/wzh/Downloads/ros2_ws/install/hw1/lib/hw1
[0.485s] writing list of installed files to '/home/wzh/Downloads/ros2_ws/build/hw1/install.log'
[0.497s] Invoked command in '/home/wzh/Downloads/ros2_ws/src/hw1' returned '0': CONDA_PROMPT_MODIFIER=(base) PYTHONPATH=/home/wzh/Downloads/ros2_ws/build/hw1/prefix_override:/usr/lib/python3/dist-packages/colcon_core/task/python/colcon_distutils_commands:/home/wzh/Downloads/ros2_ws/install/hw1/lib/python3.10/site-packages:${PYTHONPATH} /usr/bin/python3 -W ignore:setup.py install is deprecated -W ignore:easy_install command is deprecated setup.py egg_info --egg-base ../../build/hw1 build --build-base /home/wzh/Downloads/ros2_ws/build/hw1/build install --record /home/wzh/Downloads/ros2_ws/build/hw1/install.log --single-version-externally-managed install_data
